2021-06-08 22:37:53,505 WARN o.s.b.a.o.j.JpaBaseConfiguration$JpaWebConfiguration [main] spring.jpa.open-in-view is enabled by default. Therefore, database queries may be performed during view rendering. Explicitly configure spring.jpa.open-in-view to disable this warning
2021-06-08 22:37:53,736 DEBUG o.s.w.s.m.m.a.RequestMappingHandlerAdapter [main] ControllerAdvice beans: 0 @ModelAttribute, 0 @InitBinder, 1 RequestBodyAdvice, 1 ResponseBodyAdvice
2021-06-08 22:37:53,853 DEBUG o.s.w.s.h.AbstractHandlerMethodMapping [main] 7 mappings in 'requestMappingHandlerMapping'
2021-06-08 22:37:53,930 DEBUG o.s.w.s.h.SimpleUrlHandlerMapping [main] Patterns [/webjars/**, /**] in 'resourceHandlerMapping'
2021-06-08 22:37:53,948 DEBUG o.s.w.s.m.m.a.ExceptionHandlerExceptionResolver [main] ControllerAdvice beans: 0 @ExceptionHandler, 1 ResponseBodyAdvice
2021-06-08 22:37:59,746 INFO o.s.w.s.FrameworkServlet [http-nio-8080-exec-1] Initializing Servlet 'dispatcherServlet'
2021-06-08 22:37:59,747 DEBUG o.s.w.s.DispatcherServlet [http-nio-8080-exec-1] Detected StandardServletMultipartResolver
2021-06-08 22:37:59,748 DEBUG o.s.w.s.DispatcherServlet [http-nio-8080-exec-1] Detected AcceptHeaderLocaleResolver
2021-06-08 22:37:59,748 DEBUG o.s.w.s.DispatcherServlet [http-nio-8080-exec-1] Detected FixedThemeResolver
2021-06-08 22:37:59,752 DEBUG o.s.w.s.DispatcherServlet [http-nio-8080-exec-1] Detected org.springframework.web.servlet.view.DefaultRequestToViewNameTranslator@51a651c1
2021-06-08 22:37:59,753 DEBUG o.s.w.s.DispatcherServlet [http-nio-8080-exec-1] Detected org.springframework.web.servlet.support.SessionFlashMapManager@3d9f5016
2021-06-08 22:37:59,754 DEBUG o.s.w.s.FrameworkServlet [http-nio-8080-exec-1] enableLoggingRequestDetails='false': request parameters and headers will be masked to prevent unsafe logging of potentially sensitive data
2021-06-08 22:37:59,754 INFO o.s.w.s.FrameworkServlet [http-nio-8080-exec-1] Completed initialization in 7 ms
2021-06-08 22:37:59,891 DEBUG o.s.c.l.LogFormatUtils [http-nio-8080-exec-1] "ERROR" dispatch for GET "/error", parameters={}
2021-06-08 22:37:59,901 DEBUG o.s.w.s.h.AbstractHandlerMapping [http-nio-8080-exec-1] Mapped to org.springframework.boot.autoconfigure.web.servlet.error.BasicErrorController#error(HttpServletRequest)
2021-06-08 22:37:59,984 DEBUG o.s.w.s.m.m.a.AbstractMessageConverterMethodProcessor [http-nio-8080-exec-1] Using 'application/json', given [*/*] and supported [application/json, application/*+json, application/json, application/*+json]
2021-06-08 22:37:59,995 DEBUG o.s.c.l.LogFormatUtils [http-nio-8080-exec-1] Writing [{timestamp=Tue Jun 08 22:37:59 IST 2021, status=401, error=Unauthorized, message=, path=/api/comment (truncated)...]
2021-06-08 22:38:00,092 DEBUG o.s.w.s.FrameworkServlet [http-nio-8080-exec-1] Exiting from "ERROR" dispatch, status 401
2021-06-08 22:38:02,804 DEBUG o.s.c.l.LogFormatUtils [http-nio-8080-exec-3] "ERROR" dispatch for GET "/error", parameters={}
2021-06-08 22:38:02,806 DEBUG o.s.w.s.h.AbstractHandlerMapping [http-nio-8080-exec-3] Mapped to org.springframework.boot.autoconfigure.web.servlet.error.BasicErrorController#error(HttpServletRequest)
2021-06-08 22:38:02,808 DEBUG o.s.w.s.m.m.a.AbstractMessageConverterMethodProcessor [http-nio-8080-exec-3] Using 'application/json', given [*/*] and supported [application/json, application/*+json, application/json, application/*+json]
2021-06-08 22:38:02,809 DEBUG o.s.c.l.LogFormatUtils [http-nio-8080-exec-3] Writing [{timestamp=Tue Jun 08 22:38:02 IST 2021, status=401, error=Unauthorized, message=, path=/api/comment (truncated)...]
2021-06-08 22:38:02,813 DEBUG o.s.w.s.FrameworkServlet [http-nio-8080-exec-3] Exiting from "ERROR" dispatch, status 401
2021-06-08 22:38:06,167 DEBUG o.s.c.l.LogFormatUtils [http-nio-8080-exec-4] "ERROR" dispatch for GET "/error", parameters={}
2021-06-08 22:38:06,168 DEBUG o.s.w.s.h.AbstractHandlerMapping [http-nio-8080-exec-4] Mapped to org.springframework.boot.autoconfigure.web.servlet.error.BasicErrorController#error(HttpServletRequest)
2021-06-08 22:38:06,169 DEBUG o.s.w.s.m.m.a.AbstractMessageConverterMethodProcessor [http-nio-8080-exec-4] Using 'application/json', given [*/*] and supported [application/json, application/*+json, application/json, application/*+json]
2021-06-08 22:38:06,171 DEBUG o.s.c.l.LogFormatUtils [http-nio-8080-exec-4] Writing [{timestamp=Tue Jun 08 22:38:06 IST 2021, status=401, error=Unauthorized, message=, path=/api/comment (truncated)...]
2021-06-08 22:38:06,174 DEBUG o.s.w.s.FrameworkServlet [http-nio-8080-exec-4] Exiting from "ERROR" dispatch, status 401
2021-06-08 22:39:31,386 DEBUG o.s.c.l.LogFormatUtils [http-nio-8080-exec-7] "ERROR" dispatch for GET "/error", parameters={}
2021-06-08 22:39:31,387 DEBUG o.s.w.s.h.AbstractHandlerMapping [http-nio-8080-exec-7] Mapped to org.springframework.boot.autoconfigure.web.servlet.error.BasicErrorController#error(HttpServletRequest)
2021-06-08 22:39:31,390 DEBUG o.s.w.s.m.m.a.AbstractMessageConverterMethodProcessor [http-nio-8080-exec-7] Using 'application/json', given [*/*] and supported [application/json, application/*+json, application/json, application/*+json]
2021-06-08 22:39:31,391 DEBUG o.s.c.l.LogFormatUtils [http-nio-8080-exec-7] Writing [{timestamp=Tue Jun 08 22:39:31 IST 2021, status=401, error=Unauthorized, message=, path=/api/comment (truncated)...]
2021-06-08 22:39:31,396 DEBUG o.s.w.s.FrameworkServlet [http-nio-8080-exec-7] Exiting from "ERROR" dispatch, status 401
2021-06-08 22:40:08,794 DEBUG o.s.c.l.LogFormatUtils [http-nio-8080-exec-8] "ERROR" dispatch for GET "/error", parameters={}
2021-06-08 22:40:08,795 DEBUG o.s.w.s.h.AbstractHandlerMapping [http-nio-8080-exec-8] Mapped to org.springframework.boot.autoconfigure.web.servlet.error.BasicErrorController#error(HttpServletRequest)
2021-06-08 22:40:08,797 DEBUG o.s.w.s.m.m.a.AbstractMessageConverterMethodProcessor [http-nio-8080-exec-8] Using 'application/json', given [*/*] and supported [application/json, application/*+json, application/json, application/*+json]
2021-06-08 22:40:08,798 DEBUG o.s.c.l.LogFormatUtils [http-nio-8080-exec-8] Writing [{timestamp=Tue Jun 08 22:40:08 IST 2021, status=401, error=Unauthorized, message=, path=/api/comment (truncated)...]
2021-06-08 22:40:08,803 DEBUG o.s.w.s.FrameworkServlet [http-nio-8080-exec-8] Exiting from "ERROR" dispatch, status 401
2021-06-08 22:40:19,504 DEBUG o.s.c.l.LogFormatUtils [http-nio-8080-exec-9] "ERROR" dispatch for GET "/error", parameters={}
2021-06-08 22:40:19,506 DEBUG o.s.w.s.h.AbstractHandlerMapping [http-nio-8080-exec-9] Mapped to org.springframework.boot.autoconfigure.web.servlet.error.BasicErrorController#error(HttpServletRequest)
2021-06-08 22:40:19,507 DEBUG o.s.w.s.m.m.a.AbstractMessageConverterMethodProcessor [http-nio-8080-exec-9] Using 'application/json', given [*/*] and supported [application/json, application/*+json, application/json, application/*+json]
2021-06-08 22:40:19,508 DEBUG o.s.c.l.LogFormatUtils [http-nio-8080-exec-9] Writing [{timestamp=Tue Jun 08 22:40:19 IST 2021, status=401, error=Unauthorized, message=, path=/api/comment (truncated)...]
2021-06-08 22:40:19,510 DEBUG o.s.w.s.FrameworkServlet [http-nio-8080-exec-9] Exiting from "ERROR" dispatch, status 401
2021-06-08 22:40:34,997 DEBUG o.s.c.l.LogFormatUtils [http-nio-8080-exec-10] "ERROR" dispatch for GET "/error", parameters={}
2021-06-08 22:40:34,998 DEBUG o.s.w.s.h.AbstractHandlerMapping [http-nio-8080-exec-10] Mapped to org.springframework.boot.autoconfigure.web.servlet.error.BasicErrorController#error(HttpServletRequest)
2021-06-08 22:40:34,999 DEBUG o.s.w.s.m.m.a.AbstractMessageConverterMethodProcessor [http-nio-8080-exec-10] Using 'application/json', given [*/*] and supported [application/json, application/*+json, application/json, application/*+json]
2021-06-08 22:40:35,000 DEBUG o.s.c.l.LogFormatUtils [http-nio-8080-exec-10] Writing [{timestamp=Tue Jun 08 22:40:34 IST 2021, status=401, error=Unauthorized, message=, path=/api/comment (truncated)...]
2021-06-08 22:40:35,002 DEBUG o.s.w.s.FrameworkServlet [http-nio-8080-exec-10] Exiting from "ERROR" dispatch, status 401
2021-06-08 22:40:36,276 DEBUG o.s.c.l.LogFormatUtils [http-nio-8080-exec-2] "ERROR" dispatch for GET "/error", parameters={}
2021-06-08 22:40:36,278 DEBUG o.s.w.s.h.AbstractHandlerMapping [http-nio-8080-exec-2] Mapped to org.springframework.boot.autoconfigure.web.servlet.error.BasicErrorController#error(HttpServletRequest)
2021-06-08 22:40:36,279 DEBUG o.s.w.s.m.m.a.AbstractMessageConverterMethodProcessor [http-nio-8080-exec-2] Using 'application/json', given [*/*] and supported [application/json, application/*+json, application/json, application/*+json]
2021-06-08 22:40:36,280 DEBUG o.s.c.l.LogFormatUtils [http-nio-8080-exec-2] Writing [{timestamp=Tue Jun 08 22:40:36 IST 2021, status=401, error=Unauthorized, message=, path=/api/comment (truncated)...]
2021-06-08 22:40:36,290 DEBUG o.s.w.s.FrameworkServlet [http-nio-8080-exec-2] Exiting from "ERROR" dispatch, status 401
2021-06-08 22:40:49,733 DEBUG o.s.c.l.LogFormatUtils [http-nio-8080-exec-1] "ERROR" dispatch for GET "/error", parameters={}
2021-06-08 22:40:49,734 DEBUG o.s.w.s.h.AbstractHandlerMapping [http-nio-8080-exec-1] Mapped to org.springframework.boot.autoconfigure.web.servlet.error.BasicErrorController#error(HttpServletRequest)
2021-06-08 22:40:49,736 DEBUG o.s.w.s.m.m.a.AbstractMessageConverterMethodProcessor [http-nio-8080-exec-1] Using 'application/json', given [*/*] and supported [application/json, application/*+json, application/json, application/*+json]
2021-06-08 22:40:49,739 DEBUG o.s.c.l.LogFormatUtils [http-nio-8080-exec-1] Writing [{timestamp=Tue Jun 08 22:40:49 IST 2021, status=401, error=Unauthorized, message=, path=/api/comment (truncated)...]
2021-06-08 22:40:49,743 DEBUG o.s.w.s.FrameworkServlet [http-nio-8080-exec-1] Exiting from "ERROR" dispatch, status 401
2021-06-08 22:41:14,709 DEBUG o.s.c.l.LogFormatUtils [http-nio-8080-exec-5] "ERROR" dispatch for GET "/error", parameters={}
2021-06-08 22:41:14,710 DEBUG o.s.w.s.h.AbstractHandlerMapping [http-nio-8080-exec-5] Mapped to org.springframework.boot.autoconfigure.web.servlet.error.BasicErrorController#error(HttpServletRequest)
2021-06-08 22:41:14,712 DEBUG o.s.w.s.m.m.a.AbstractMessageConverterMethodProcessor [http-nio-8080-exec-5] Using 'application/json', given [*/*] and supported [application/json, application/*+json, application/json, application/*+json]
2021-06-08 22:41:14,713 DEBUG o.s.c.l.LogFormatUtils [http-nio-8080-exec-5] Writing [{timestamp=Tue Jun 08 22:41:14 IST 2021, status=401, error=Unauthorized, message=, path=/api/comment (truncated)...]
2021-06-08 22:41:14,716 DEBUG o.s.w.s.FrameworkServlet [http-nio-8080-exec-5] Exiting from "ERROR" dispatch, status 401
